<?xml version="1.0" encoding="UTF-8"?>
<!-- Generated by org.testng.reporters.JUnitXMLReporter -->
<testsuite ignored="0" hostname="DESKTOP-UKHHTLM" failures="0" tests="1" name="Test" time="0.191" errors="0" timestamp="2019-12-31T16:54:49 IST">
  <testcase classname="com.mycompany.app.Toolsqa2FormTest" name="@BeforeTest setUp" time="0.091">
    <failure type="java.lang.IllegalStateException" message="The driver executable does not exist: C:\Users\rdevgan\Downloads\chromedriver.exe">
      <![CDATA[java.lang.IllegalStateException: The driver executable does not exist: C:\Users\rdevgan\Downloads\chromedriver.exe
at com.google.common.base.Preconditions.checkState(Preconditions.java:585)
at org.openqa.selenium.remote.service.DriverService.checkExecutable(DriverService.java:146)
at org.openqa.selenium.remote.service.DriverService.findExecutable(DriverService.java:141)
at org.openqa.selenium.chrome.ChromeDriverService.access$000(ChromeDriverService.java:35)
at org.openqa.selenium.chrome.ChromeDriverService$Builder.findDefaultExecutable(ChromeDriverService.java:159)
at org.openqa.selenium.remote.service.DriverService$Builder.build(DriverService.java:355)
at org.openqa.selenium.chrome.ChromeDriverService.createDefaultService(ChromeDriverService.java:94)
at org.openqa.selenium.chrome.ChromeDriver.<init>(ChromeDriver.java:123)
at com.mycompany.app.Toolsqa2FormTest.setUp(Toolsqa2FormTest.java:34)
... Removed 24 stack frames]]>
    </failure>
  </testcase> <!-- @BeforeTest setUp -->
  <testcase classname="com.mycompany.app.Toolsqa2FormTest" name="@AfterClass tearDown" time="0.0">
    <failure type="java.lang.NullPointerException">
      <![CDATA[java.lang.NullPointerException
at com.mycompany.app.Toolsqa2FormTest.tearDown(Toolsqa2FormTest.java:78)
at java.base/java.util.ArrayList.forEach(ArrayList.java:1507)
... Removed 25 stack frames]]>
    </failure>
  </testcase> <!-- @AfterClass tearDown -->
  <testcase classname="com.mycompany.app.Toolsqa2FormTest" name="testForm" time="0.0">
    <skipped/>
  </testcase> <!-- testForm -->
</testsuite> <!-- Test -->
